<?xml version="1.0" encoding="UTF-8"?>
<!-- Generated by org.testng.reporters.JUnitReportReporter -->
<testsuite hostname="Jyoti" failures="0" tests="1" name="extendReports.ToAddScreenShotsIntReport" time="20.615" errors="0" timestamp="2024-08-09T12:17:45 IST" skipped="0">
  <testcase classname="extendReports.ToAddScreenShotsIntReport" name="addScreenShots" time="20.615"/>
  <system-out/>
</testsuite> <!-- extendReports.ToAddScreenShotsIntReport -->
