<?xml version="1.0" encoding="UTF-8"?>
<!-- Generated by org.testng.reporters.JUnitReportReporter -->
<testsuite hostname="Jyoti" failures="0" tests="1" name="extendReports.TOLearn_ExtentReport" time="1.271" errors="0" timestamp="2024-08-09T11:57:36 IST" skipped="0">
  <testcase classname="extendReports.TOLearn_ExtentReport" name="createReport" time="1.271"/>
  <system-out/>
</testsuite> <!-- extendReports.TOLearn_ExtentReport -->
